<?xml version="1.0" encoding="UTF-8"?>
<!-- Generated by org.testng.reporters.JUnitXMLReporter -->
<testsuite hostname="kittypie" ignored="0" name="Test" tests="4" failures="0" timestamp="2021-04-20T16:54:48 EDT" time="0.052" errors="0">
  <testcase name="Browserautomation" time="0.004" classname="udemy.SeleniumTest"/>
  <testcase name="elementsUI" time="0.0" classname="udemy.SeleniumTest"/>
  <testcase name="deletetwitter" time="0.0" classname="udemy.RestAPITest"/>
  <testcase name="postjira" time="0.001" classname="udemy.RestAPITest"/>
</testsuite> <!-- Test -->
