<?xml version="1.0" encoding="UTF-8"?>
<testng-results skipped="0" failed="0" ignored="0" total="4" passed="4">
  <reporter-output>
  </reporter-output>
  <suite name="Suite" duration-ms="52" started-at="2021-04-20T16:54:48 EDT" finished-at="2021-04-20T16:54:48 EDT">
    <groups>
    </groups>
    <test name="Test" duration-ms="52" started-at="2021-04-20T16:54:48 EDT" finished-at="2021-04-20T16:54:48 EDT">
      <class name="udemy.RestAPITest">
        <test-method status="PASS" signature="deletetwitter()[pri:0, instance:udemy.RestAPITest@3701eaf6]" name="deletetwitter" duration-ms="0" started-at="2021-04-20T16:54:48 EDT" finished-at="2021-04-20T16:54:48 EDT">
          <reporter-output>
          </reporter-output>
        </test-method> <!-- deletetwitter -->
        <test-method status="PASS" signature="postjira()[pri:0, instance:udemy.RestAPITest@3701eaf6]" name="postjira" duration-ms="1" started-at="2021-04-20T16:54:48 EDT" finished-at="2021-04-20T16:54:48 EDT">
          <reporter-output>
          </reporter-output>
        </test-method> <!-- postjira -->
      </class> <!-- udemy.RestAPITest -->
      <class name="udemy.SeleniumTest">
        <test-method status="PASS" signature="Browserautomation()[pri:0, instance:udemy.SeleniumTest@61f8bee4]" name="Browserautomation" duration-ms="4" started-at="2021-04-20T16:54:48 EDT" finished-at="2021-04-20T16:54:48 EDT">
          <reporter-output>
          </reporter-output>
        </test-method> <!-- Browserautomation -->
        <test-method status="PASS" signature="elementsUI()[pri:0, instance:udemy.SeleniumTest@61f8bee4]" name="elementsUI" duration-ms="0" started-at="2021-04-20T16:54:48 EDT" finished-at="2021-04-20T16:54:48 EDT">
          <reporter-output>
          </reporter-output>
        </test-method> <!-- elementsUI -->
      </class> <!-- udemy.SeleniumTest -->
    </test> <!-- Test -->
  </suite> <!-- Suite -->
</testng-results>
